  simulation.cpp
c:\users\space\onedrive\desktop\projective-dynamics-master\fast_mass_spring\source\primitive.h(111): warning C4305: 'initializing' : truncation from 'double' to 'float'
source\simulation.cpp(154): warning C4018: '<' : signed/unsigned mismatch
source\simulation.cpp(365): warning C4267: 'argument' : conversion from 'size_t' to 'int', possible loss of data
source\simulation.cpp(383): warning C4018: '<' : signed/unsigned mismatch
source\simulation.cpp(394): warning C4244: 'initializing' : conversion from 'float' to 'int', possible loss of data
  simpleTimer.cpp
  scene.cpp
c:\users\space\onedrive\desktop\projective-dynamics-master\fast_mass_spring\source\primitive.h(111): warning C4305: 'initializing' : truncation from 'double' to 'float'
  primitive.cpp
c:\users\space\onedrive\desktop\projective-dynamics-master\fast_mass_spring\source\primitive.h(111): warning C4305: 'initializing' : truncation from 'double' to 'float'
source\primitive.cpp(107): warning C4267: 'argument' : conversion from 'size_t' to 'GLsizei', possible loss of data
source\primitive.cpp(141): warning C4244: 'initializing' : conversion from 'double' to 'float', possible loss of data
source\primitive.cpp(201): warning C4244: 'initializing' : conversion from 'double' to 'float', possible loss of data
source\primitive.cpp(201): warning C4244: 'initializing' : conversion from 'double' to 'float', possible loss of data
source\primitive.cpp(509): warning C4267: '=' : conversion from 'size_t' to 'unsigned int', possible loss of data
  mesh.cpp
c:\users\space\onedrive\desktop\projective-dynamics-master\fast_mass_spring\source\primitive.h(111): warning C4305: 'initializing' : truncation from 'double' to 'float'
source\mesh.cpp(126): warning C4244: 'argument' : conversion from 'int' to 'GLfloat', possible loss of data
source\mesh.cpp(289): warning C4996: 'sprintf': This function or variable may be unsafe. Consider using sprintf_s instead. To disable deprecation, use _CRT_SECURE_NO_WARNINGS. See online help for details.
          C:\Program Files (x86)\Microsoft Visual Studio 10.0\VC\include\stdio.h(371) : see declaration of 'sprintf'
source\mesh.cpp(542): warning C4244: 'argument' : conversion from 'ScalarType' to 'float', possible loss of data
source\mesh.cpp(559): warning C4996: 'sprintf': This function or variable may be unsafe. Consider using sprintf_s instead. To disable deprecation, use _CRT_SECURE_NO_WARNINGS. See online help for details.
          C:\Program Files (x86)\Microsoft Visual Studio 10.0\VC\include\stdio.h(371) : see declaration of 'sprintf'
  math_headers.cpp
  main.cpp
c:\users\space\onedrive\desktop\projective-dynamics-master\fast_mass_spring\source\primitive.h(111): warning C4305: 'initializing' : truncation from 'double' to 'float'
  io_mesh.cpp
  glsl_wrapper.cpp
c:\users\space\onedrive\desktop\projective-dynamics-master\fast_mass_spring\source\primitive.h(111): warning C4305: 'initializing' : truncation from 'double' to 'float'
source\glsl_wrapper.cpp(182): warning C4996: 'fopen': This function or variable may be unsafe. Consider using fopen_s instead. To disable deprecation, use _CRT_SECURE_NO_WARNINGS. See online help for details.
          C:\Program Files (x86)\Microsoft Visual Studio 10.0\VC\include\stdio.h(234) : see declaration of 'fopen'
source\glsl_wrapper.cpp(191): warning C4267: '=' : conversion from 'size_t' to 'int', possible loss of data
  fps.cpp
  constraint.cpp
c:\users\space\onedrive\desktop\projective-dynamics-master\fast_mass_spring\source\primitive.h(111): warning C4305: 'initializing' : truncation from 'double' to 'float'
source\constraint.cpp(148): warning C4267: '+=' : conversion from 'size_t' to 'int', possible loss of data
  camera.cpp
c:\users\space\onedrive\desktop\projective-dynamics-master\fast_mass_spring\source\primitive.h(111): warning C4305: 'initializing' : truncation from 'double' to 'float'
source\camera.cpp(52): warning C4305: '=' : truncation from 'double' to 'float'
source\camera.cpp(211): warning C4244: 'initializing' : conversion from 'double' to 'float', possible loss of data
source\camera.cpp(218): warning C4244: 'initializing' : conversion from 'double' to 'float', possible loss of data
  anttweakbar_wrapper.cpp
c:\users\space\onedrive\desktop\projective-dynamics-master\fast_mass_spring\source\primitive.h(111): warning C4305: 'initializing' : truncation from 'double' to 'float'
  Generating Code...
  stb_image_write.c
c:\users\space\onedrive\desktop\projective-dynamics-master\fast_mass_spring\source\stb_image_write.h(326): warning C4244: 'initializing' : conversion from '__int64' to 'int', possible loss of data
  stb_image.c
source\stb_image.c(760): warning C4244: 'initializing' : conversion from '__int64' to 'int', possible loss of data
source\stb_image.c(773): warning C4244: 'initializing' : conversion from '__int64' to 'int', possible loss of data
  Generating Code...
tinyxmld_STL.lib(tinyxml.obj) : warning LNK4099: PDB 'vc100.pdb' was not found with 'tinyxmld_STL.lib(tinyxml.obj)' or at 'C:\Users\space\OneDrive\Desktop\Projective-Dynamics-master\x64\Debug\vc100.pdb'; linking object as if no debug info
tinyxmld_STL.lib(tinyxmlerror.obj) : warning LNK4099: PDB 'vc100.pdb' was not found with 'tinyxmld_STL.lib(tinyxmlerror.obj)' or at 'C:\Users\space\OneDrive\Desktop\Projective-Dynamics-master\x64\Debug\vc100.pdb'; linking object as if no debug info
tinyxmld_STL.lib(tinyxmlparser.obj) : warning LNK4099: PDB 'vc100.pdb' was not found with 'tinyxmld_STL.lib(tinyxmlparser.obj)' or at 'C:\Users\space\OneDrive\Desktop\Projective-Dynamics-master\x64\Debug\vc100.pdb'; linking object as if no debug info
  fast_mass_spring.vcxproj -> C:\Users\space\OneDrive\Desktop\Projective-Dynamics-master\x64\Debug\fast_mass_spring.exe
